<?xml version="1.0" encoding="UTF-8"?>
<!-- Generated by org.testng.reporters.JUnitReportReporter -->
<testsuite skipped="0" hostname="Dark" name="com.kamar.testing.RegisterPage" tests="1" failures="0" timestamp="2022-06-27T18:43:13 EET" time="1.520" errors="0">
  <testcase name="testSuccessfulRegister" time="1.520" classname="com.kamar.testing.RegisterPage"/>
  <system-out/>
</testsuite> <!-- com.kamar.testing.RegisterPage -->
