<?xml version="1.0" encoding="UTF-8"?>
<!-- Generated by org.testng.reporters.JUnitReportReporter -->
<testsuite skipped="0" hostname="Dark" name="com.kamar.testing.LoginAndHomePages" tests="3" failures="0" timestamp="2022-06-27T18:43:13 EET" time="0.863" errors="0">
  <testcase name="testFailedLogin" time="0.425" classname="com.kamar.testing.LoginAndHomePages"/>
  <system-out/>
  <testcase name="testAdminLogin" time="0.358" classname="com.kamar.testing.LoginAndHomePages"/>
  <system-out/>
  <testcase name="testLogOut" time="0.080" classname="com.kamar.testing.LoginAndHomePages"/>
  <system-out/>
</testsuite> <!-- com.kamar.testing.LoginAndHomePages -->
